<?xml version="1.0" encoding="UTF-8"?>
<!-- Generated by org.testng.reporters.JUnitXMLReporter -->
<testsuite ignored="0" hostname="FINS-TWS-015" failures="0" tests="3" name="Default test" time="19.249" errors="0" timestamp="2021-11-18T17:49:25 IST">
  <testcase classname="com.finacus.TestCase.LoginDemo" name="toLogin" time="3.6"/>
  <testcase classname="com.finacus.TestCase.LoginDemo" name="toLogin" time="3.652"/>
  <testcase classname="com.finacus.TestCase.LoginDemo" name="toLogin" time="2.937"/>
</testsuite> <!-- Default test -->
