<?xml version="1.0" encoding="UTF-8"?>
<testng-results ignored="0" total="3" passed="3" failed="0" skipped="0">
  <reporter-output>
  </reporter-output>
  <suite started-at="2021-11-18T17:49:06 IST" name="Default suite" finished-at="2021-11-18T17:49:25 IST" duration-ms="19249">
    <groups>
    </groups>
    <test started-at="2021-11-18T17:49:06 IST" name="Default test" finished-at="2021-11-18T17:49:25 IST" duration-ms="19249">
      <class name="com.finacus.TestCase.LoginDemo">
        <test-method is-config="true" signature="setup()[pri:0, instance:com.finacus.TestCase.LoginDemo@f09733f]" started-at="2021-11-18T17:49:06 IST" name="setup" finished-at="2021-11-18T17:49:14 IST" duration-ms="8358" status="PASS">
          <reporter-output>
          </reporter-output>
        </test-method> <!-- setup -->
        <test-method signature="toLogin(java.lang.String,java.lang.String)[pri:0, instance:com.finacus.TestCase.LoginDemo@f09733f]" started-at="2021-11-18T17:49:15 IST" name="toLogin" data-provider="userdata" finished-at="2021-11-18T17:49:18 IST" duration-ms="3600" status="PASS">
          <params>
            <param index="0">
              <value>
                <![CDATA[sushantdawaadda@gmail.com]]>
              </value>
            </param>
            <param index="1">
              <value>
                <![CDATA[India@2021]]>
              </value>
            </param>
          </params>
          <reporter-output>
          </reporter-output>
        </test-method> <!-- toLogin -->
        <test-method signature="toLogin(java.lang.String,java.lang.String)[pri:0, instance:com.finacus.TestCase.LoginDemo@f09733f]" started-at="2021-11-18T17:49:18 IST" name="toLogin" data-provider="userdata" finished-at="2021-11-18T17:49:22 IST" duration-ms="3652" status="PASS">
          <params>
            <param index="0">
              <value>
                <![CDATA[sushantdawaadda@gmail.com]]>
              </value>
            </param>
            <param index="1">
              <value>
                <![CDATA[India@2021]]>
              </value>
            </param>
          </params>
          <reporter-output>
          </reporter-output>
        </test-method> <!-- toLogin -->
        <test-method signature="toLogin(java.lang.String,java.lang.String)[pri:0, instance:com.finacus.TestCase.LoginDemo@f09733f]" started-at="2021-11-18T17:49:22 IST" name="toLogin" data-provider="userdata" finished-at="2021-11-18T17:49:25 IST" duration-ms="2937" status="PASS">
          <params>
            <param index="0">
              <value>
                <![CDATA[]]>
              </value>
            </param>
            <param index="1">
              <value>
                <![CDATA[]]>
              </value>
            </param>
          </params>
          <reporter-output>
          </reporter-output>
        </test-method> <!-- toLogin -->
        <test-method is-config="true" signature="tearDown()[pri:0, instance:com.finacus.TestCase.LoginDemo@f09733f]" started-at="2021-11-18T17:49:25 IST" name="tearDown" finished-at="2021-11-18T17:49:25 IST" duration-ms="126" status="PASS">
          <reporter-output>
          </reporter-output>
        </test-method> <!-- tearDown -->
      </class> <!-- com.finacus.TestCase.LoginDemo -->
    </test> <!-- Default test -->
  </suite> <!-- Default suite -->
</testng-results>
